#
# There is insufficient memory for the Java Runtime Environment to continue.
# Native memory allocation (malloc) failed to allocate 274256 bytes for Chunk::new
# Possible reasons:
#   The system is out of physical RAM or swap space
#   The process is running with CompressedOops enabled, and the Java Heap may be blocking the growth of the native heap
# Possible solutions:
#   Reduce memory load on the system
#   Increase physical memory or swap space
#   Check if swap backing store is full
#   Decrease Java heap size (-Xmx/-Xms)
#   Decrease number of Java threads
#   Decrease Java thread stack sizes (-Xss)
#   Set larger code cache with -XX:ReservedCodeCacheSize=
#   JVM is running with Unscaled Compressed Oops mode in which the Java heap is
#     placed in the first 4GB address space. The Java Heap base address is the
#     maximum limit for the native heap growth. Please use -XX:HeapBaseMinAddress
#     to set the Java Heap base and to place the Java Heap above 4GB virtual address.
# This output file may be truncated or incomplete.
#
#  Out of Memory Error (allocation.cpp:389), pid=6008, tid=0x00000000000008b4
#
# JRE version: Java(TM) SE Runtime Environment (8.0_202-b08) (build 1.8.0_202-b08)
# Java VM: Java HotSpot(TM) 64-Bit Server VM (25.202-b08 mixed mode windows-amd64 compressed oops)
# Failed to write core dump. Minidumps are not enabled by default on client versions of Windows
#

---------------  T H R E A D  ---------------

Current thread (0x0000000018b65000):  JavaThread "C2 CompilerThread1" daemon [_thread_in_native, id=2228, stack(0x0000000018db0000,0x0000000018eb0000)]

Stack: [0x0000000018db0000,0x0000000018eb0000]
[error occurred during error reporting (printing stack bounds), id 0xc0000005]

Native frames: (J=compiled Java code, j=interpreted, Vv=VM code, C=native code)


Current CompileTask:
C2:   5489 1652       4       java.io.WinNTFileSystem::normalize (143 bytes)


---------------  P R O C E S S  ---------------

Java Threads: ( => current thread )
  0x000000001973d800 JavaThread "restartedMain" [_thread_in_native, id=2540, stack(0x000000001abc0000,0x000000001acc0000)]
  0x000000001719f000 JavaThread "Thread-0" [_thread_blocked, id=7884, stack(0x00000000199b0000,0x0000000019ab0000)]
  0x0000000018ff5800 JavaThread "Service Thread" daemon [_thread_blocked, id=12940, stack(0x00000000197b0000,0x00000000198b0000)]
  0x0000000018b16800 JavaThread "C1 CompilerThread2" daemon [_thread_blocked, id=1448, stack(0x0000000018eb0000,0x0000000018fb0000)]
=>0x0000000018b65000 JavaThread "C2 CompilerThread1" daemon [_thread_in_native, id=2228, stack(0x0000000018db0000,0x0000000018eb0000)]
  0x0000000018b64800 JavaThread "C2 CompilerThread0" daemon [_thread_blocked, id=10572, stack(0x0000000018cb0000,0x0000000018db0000)]
  0x0000000018ab2800 JavaThread "Monitor Ctrl-Break" daemon [_thread_in_native, id=5840, stack(0x0000000018bb0000,0x0000000018cb0000)]
  0x0000000017152000 JavaThread "Attach Listener" daemon [_thread_blocked, id=12312, stack(0x00000000186b0000,0x00000000187b0000)]
  0x0000000017151000 JavaThread "Signal Dispatcher" daemon [_thread_blocked, id=2948, stack(0x00000000185b0000,0x00000000186b0000)]
  0x0000000002a9a000 JavaThread "Finalizer" daemon [_thread_blocked, id=9400, stack(0x00000000183b0000,0x00000000184b0000)]
  0x0000000002a97000 JavaThread "Reference Handler" daemon [_thread_blocked, id=7828, stack(0x00000000182b0000,0x00000000183b0000)]
  0x00000000029a7000 JavaThread "main" [_thread_blocked, id=2836, stack(0x00000000025e0000,0x00000000026e0000)]

Other Threads:
  0x0000000017117800 VMThread [stack: 0x00000000181b0000,0x00000000182b0000] [id=2996]
  0x00000000190b4800 WatcherThread [stack: 0x00000000198b0000,0x00000000199b0000] [id=10924]

VM state:not at safepoint (normal execution)

VM Mutex/Monitor currently owned by a thread: None

heap address: 0x0000000089600000, size: 1898 MB, Compressed Oops mode: 32-bit
Narrow klass base: 0x0000000000000000, Narrow klass shift: 3
Compressed class space size: 1073741824 Address: 0x0000000100000000

Heap:
 PSYoungGen      total 66560K, used 40823K [0x00000000d8780000, 0x00000000e1280000, 0x0000000100000000)
  eden space 61440K, 58% used [0x00000000d8780000,0x00000000daa608d0,0x00000000dc380000)
  from space 5120K, 99% used [0x00000000dc380000,0x00000000dc87d3b8,0x00000000dc880000)
  to   space 9728K, 0% used [0x00000000e0900000,0x00000000e0900000,0x00000000e1280000)
 ParOldGen       total 81920K, used 4765K [0x0000000089600000, 0x000000008e600000, 0x00000000d8780000)
  object space 81920K, 5% used [0x0000000089600000,0x0000000089aa7548,0x000000008e600000)
 Metaspace       used 19990K, capacity 20734K, committed 20864K, reserved 1067008K
  class space    used 2476K, capacity 2675K, committed 2688K, reserved 1048576K

Card table byte_map: [0x0000000011e60000,0x0000000012220000] byte_map_base: 0x0000000011a15000

Marking Bits: (ParMarkBitMap*) 0x0000000058ca5ce0
 Begin Bits: [0x00000000128a0000, 0x0000000014648000)
 End Bits:   [0x0000000014648000, 0x00000000163f0000)

Polling page: 0x0000000000ca0000

CodeCache: size=245760Kb used=5760Kb max_used=5769Kb free=239999Kb
 bounds [0x0000000002aa0000, 0x0000000003050000, 0x0000000011aa0000]
 total_blobs=2113 nmethods=1751 adapters=274
 compilation: enabled

Compilation events (10 events):
Event: 5.386 Thread 0x0000000018b64800 1695       4       org.springframework.boot.autoconfigure.AutoConfigurationSorter$AutoConfigurationClass::getBefore (50 bytes)
Event: 5.386 Thread 0x0000000018b64800 nmethod 1695 0x000000000303e410 code [0x000000000303e540, 0x000000000303e5b8]
Event: 5.391 Thread 0x0000000018b16800 1749       3       java.util.IdentityHashMap::maskNull (12 bytes)
Event: 5.391 Thread 0x0000000018b16800 nmethod 1749 0x0000000003045c90 code [0x0000000003045de0, 0x0000000003045f70]
Event: 5.391 Thread 0x0000000018b16800 1750       3       java.util.IdentityHashMap::hash (18 bytes)
Event: 5.392 Thread 0x0000000018b16800 nmethod 1750 0x0000000003045910 code [0x0000000003045a80, 0x0000000003045c08]
Event: 5.442 Thread 0x0000000018b16800 1751       3       java.util.concurrent.ConcurrentHashMap::put (8 bytes)
Event: 5.442 Thread 0x0000000018b16800 nmethod 1751 0x0000000003045510 code [0x0000000003045680, 0x0000000003045888]
Event: 5.481 Thread 0x0000000018b16800 1752       1       org.springframework.beans.factory.support.AbstractBeanFactory::getParentBeanFactory (5 bytes)
Event: 5.481 Thread 0x0000000018b16800 nmethod 1752 0x0000000003045250 code [0x00000000030453a0, 0x00000000030454b0]

GC Heap History (10 events):
Event: 2.264 GC heap before
{Heap before GC invocations=1 (full 0):
 PSYoungGen      total 35840K, used 30720K [0x00000000d8780000, 0x00000000daf80000, 0x0000000100000000)
  eden space 30720K, 100% used [0x00000000d8780000,0x00000000da580000,0x00000000da580000)
  from space 5120K, 0% used [0x00000000daa80000,0x00000000daa80000,0x00000000daf80000)
  to   space 5120K, 0% used [0x00000000da580000,0x00000000da580000,0x00000000daa80000)
 ParOldGen       total 81920K, used 0K [0x0000000089600000, 0x000000008e600000, 0x00000000d8780000)
  object space 81920K, 0% used [0x0000000089600000,0x0000000089600000,0x000000008e600000)
 Metaspace       used 7714K, capacity 7862K, committed 8192K, reserved 1056768K
  class space    used 879K, capacity 947K, committed 1024K, reserved 1048576K
Event: 2.280 GC heap after
Heap after GC invocations=1 (full 0):
 PSYoungGen      total 35840K, used 4439K [0x00000000d8780000, 0x00000000daf80000, 0x0000000100000000)
  eden space 30720K, 0% used [0x00000000d8780000,0x00000000d8780000,0x00000000da580000)
  from space 5120K, 86% used [0x00000000da580000,0x00000000da9d5de0,0x00000000daa80000)
  to   space 5120K, 0% used [0x00000000daa80000,0x00000000daa80000,0x00000000daf80000)
 ParOldGen       total 81920K, used 8K [0x0000000089600000, 0x000000008e600000, 0x00000000d8780000)
  object space 81920K, 0% used [0x0000000089600000,0x0000000089602000,0x000000008e600000)
 Metaspace       used 7714K, capacity 7862K, committed 8192K, reserved 1056768K
  class space    used 879K, capacity 947K, committed 1024K, reserved 1048576K
}
Event: 2.313 GC heap before
{Heap before GC invocations=2 (full 0):
 PSYoungGen      total 35840K, used 35130K [0x00000000d8780000, 0x00000000daf80000, 0x0000000100000000)
  eden space 30720K, 99% used [0x00000000d8780000,0x00000000da578db0,0x00000000da580000)
  from space 5120K, 86% used [0x00000000da580000,0x00000000da9d5de0,0x00000000daa80000)
  to   space 5120K, 0% used [0x00000000daa80000,0x00000000daa80000,0x00000000daf80000)
 ParOldGen       total 81920K, used 8K [0x0000000089600000, 0x000000008e600000, 0x00000000d8780000)
  object space 81920K, 0% used [0x0000000089600000,0x0000000089602000,0x000000008e600000)
 Metaspace       used 7721K, capacity 7862K, committed 8192K, reserved 1056768K
  class space    used 879K, capacity 947K, committed 1024K, reserved 1048576K
Event: 2.319 GC heap after
Heap after GC invocations=2 (full 0):
 PSYoungGen      total 35840K, used 2311K [0x00000000d8780000, 0x00000000dcd80000, 0x0000000100000000)
  eden space 30720K, 0% used [0x00000000d8780000,0x00000000d8780000,0x00000000da580000)
  from space 5120K, 45% used [0x00000000daa80000,0x00000000dacc1e00,0x00000000daf80000)
  to   space 5120K, 0% used [0x00000000da580000,0x00000000da580000,0x00000000daa80000)
 ParOldGen       total 81920K, used 16K [0x0000000089600000, 0x000000008e600000, 0x00000000d8780000)
  object space 81920K, 0% used [0x0000000089600000,0x0000000089604000,0x000000008e600000)
 Metaspace       used 7721K, capacity 7862K, committed 8192K, reserved 1056768K
  class space    used 879K, capacity 947K, committed 1024K, reserved 1048576K
}
Event: 2.946 GC heap before
{Heap before GC invocations=3 (full 0):
 PSYoungGen      total 35840K, used 33031K [0x00000000d8780000, 0x00000000dcd80000, 0x0000000100000000)
  eden space 30720K, 100% used [0x00000000d8780000,0x00000000da580000,0x00000000da580000)
  from space 5120K, 45% used [0x00000000daa80000,0x00000000dacc1e00,0x00000000daf80000)
  to   space 5120K, 0% used [0x00000000da580000,0x00000000da580000,0x00000000daa80000)
 ParOldGen       total 81920K, used 16K [0x0000000089600000, 0x000000008e600000, 0x00000000d8780000)
  object space 81920K, 0% used [0x0000000089600000,0x0000000089604000,0x000000008e600000)
 Metaspace       used 10915K, capacity 11338K, committed 11520K, reserved 1058816K
  class space    used 1298K, capacity 1420K, committed 1536K, reserved 1048576K
Event: 2.953 GC heap after
Heap after GC invocations=3 (full 0):
 PSYoungGen      total 35840K, used 4494K [0x00000000d8780000, 0x00000000dcd80000, 0x0000000100000000)
  eden space 30720K, 0% used [0x00000000d8780000,0x00000000d8780000,0x00000000da580000)
  from space 5120K, 87% used [0x00000000da580000,0x00000000da9e3898,0x00000000daa80000)
  to   space 5120K, 0% used [0x00000000dc880000,0x00000000dc880000,0x00000000dcd80000)
 ParOldGen       total 81920K, used 24K [0x0000000089600000, 0x000000008e600000, 0x00000000d8780000)
  object space 81920K, 0% used [0x0000000089600000,0x0000000089606000,0x000000008e600000)
 Metaspace       used 10915K, capacity 11338K, committed 11520K, reserved 1058816K
  class space    used 1298K, capacity 1420K, committed 1536K, reserved 1048576K
}
Event: 3.555 GC heap before
{Heap before GC invocations=4 (full 0):
 PSYoungGen      total 35840K, used 35214K [0x00000000d8780000, 0x00000000dcd80000, 0x0000000100000000)
  eden space 30720K, 100% used [0x00000000d8780000,0x00000000da580000,0x00000000da580000)
  from space 5120K, 87% used [0x00000000da580000,0x00000000da9e3898,0x00000000daa80000)
  to   space 5120K, 0% used [0x00000000dc880000,0x00000000dc880000,0x00000000dcd80000)
 ParOldGen       total 81920K, used 24K [0x0000000089600000, 0x000000008e600000, 0x00000000d8780000)
  object space 81920K, 0% used [0x0000000089600000,0x0000000089606000,0x000000008e600000)
 Metaspace       used 14603K, capacity 15132K, committed 15232K, reserved 1062912K
  class space    used 1760K, capacity 1919K, committed 1920K, reserved 1048576K
Event: 3.582 GC heap after
Heap after GC invocations=4 (full 0):
 PSYoungGen      total 66560K, used 5114K [0x00000000d8780000, 0x00000000dcd80000, 0x0000000100000000)
  eden space 61440K, 0% used [0x00000000d8780000,0x00000000d8780000,0x00000000dc380000)
  from space 5120K, 99% used [0x00000000dc880000,0x00000000dcd7eb80,0x00000000dcd80000)
  to   space 5120K, 0% used [0x00000000dc380000,0x00000000dc380000,0x00000000dc880000)
 ParOldGen       total 81920K, used 1193K [0x0000000089600000, 0x000000008e600000, 0x00000000d8780000)
  object space 81920K, 1% used [0x0000000089600000,0x000000008972a420,0x000000008e600000)
 Metaspace       used 14603K, capacity 15132K, committed 15232K, reserved 1062912K
  class space    used 1760K, capacity 1919K, committed 1920K, reserved 1048576K
}
Event: 4.912 GC heap before
{Heap before GC invocations=5 (full 0):
 PSYoungGen      total 66560K, used 66542K [0x00000000d8780000, 0x00000000dcd80000, 0x0000000100000000)
  eden space 61440K, 99% used [0x00000000d8780000,0x00000000dc37cd38,0x00000000dc380000)
  from space 5120K, 99% used [0x00000000dc880000,0x00000000dcd7eb80,0x00000000dcd80000)
  to   space 5120K, 0% used [0x00000000dc380000,0x00000000dc380000,0x00000000dc880000)
 ParOldGen       total 81920K, used 1193K [0x0000000089600000, 0x000000008e600000, 0x00000000d8780000)
  object space 81920K, 1% used [0x0000000089600000,0x000000008972a420,0x000000008e600000)
 Metaspace       used 19082K, capacity 19738K, committed 19968K, reserved 1067008K
  class space    used 2362K, capacity 2516K, committed 2560K, reserved 1048576K
Event: 4.930 GC heap after
Heap after GC invocations=5 (full 0):
 PSYoungGen      total 66560K, used 5108K [0x00000000d8780000, 0x00000000e1280000, 0x0000000100000000)
  eden space 61440K, 0% used [0x00000000d8780000,0x00000000d8780000,0x00000000dc380000)
  from space 5120K, 99% used [0x00000000dc380000,0x00000000dc87d3b8,0x00000000dc880000)
  to   space 9728K, 0% used [0x00000000e0900000,0x00000000e0900000,0x00000000e1280000)
 ParOldGen       total 81920K, used 4765K [0x0000000089600000, 0x000000008e600000, 0x00000000d8780000)
  object space 81920K, 5% used [0x0000000089600000,0x0000000089aa7548,0x000000008e600000)
 Metaspace       used 19082K, capacity 19738K, committed 19968K, reserved 1067008K
  class space    used 2362K, capacity 2516K, committed 2560K, reserved 1048576K
}

Deoptimization events (10 events):
Event: 2.374 Thread 0x000000001973d800 Uncommon trap: reason=class_check action=maybe_recompile pc=0x0000000002c1cd04 method=sun.misc.URLClassPath.getLoader(I)Lsun/misc/URLClassPath$Loader; @ 94
Event: 2.433 Thread 0x000000001973d800 Uncommon trap: reason=unstable_if action=reinterpret pc=0x0000000002d6ef7c method=java.util.HashMap.putVal(ILjava/lang/Object;Ljava/lang/Object;ZZ)Ljava/lang/Object; @ 236
Event: 2.446 Thread 0x000000001973d800 Uncommon trap: reason=unstable_if action=reinterpret pc=0x0000000002c63630 method=java.lang.String.indexOf([CII[CIII)I @ 3
Event: 3.596 Thread 0x000000001973d800 Uncommon trap: reason=unstable_if action=reinterpret pc=0x0000000002d41920 method=java.util.HashMap.hash(Ljava/lang/Object;)I @ 1
Event: 3.681 Thread 0x000000001973d800 Uncommon trap: reason=unstable_if action=reinterpret pc=0x0000000002d36dbc method=java.util.HashMap.getNode(ILjava/lang/Object;)Ljava/util/HashMap$Node; @ 129
Event: 3.681 Thread 0x000000001973d800 Uncommon trap: reason=unstable_if action=reinterpret pc=0x0000000002e286d4 method=java.util.HashMap.putVal(ILjava/lang/Object;Ljava/lang/Object;ZZ)Ljava/lang/Object; @ 193
Event: 3.976 Thread 0x000000001973d800 Uncommon trap: reason=unstable_if action=reinterpret pc=0x0000000002ea3fa0 method=java.util.concurrent.ConcurrentHashMap.putVal(Ljava/lang/Object;Ljava/lang/Object;Z)Ljava/lang/Object; @ 206
Event: 4.115 Thread 0x00000000187d7800 Uncommon trap: reason=unstable_if action=reinterpret pc=0x0000000002e41be4 method=jdk.internal.org.objectweb.asm.Type.getArgumentsAndReturnSizes(Ljava/lang/String;)I @ 47
Event: 4.203 Thread 0x000000001973d800 Uncommon trap: reason=unstable_if action=reinterpret pc=0x0000000002d80b38 method=java.io.WinNTFileSystem.normalize(Ljava/lang/String;)Ljava/lang/String; @ 128
Event: 4.763 Thread 0x000000001973d800 Uncommon trap: reason=unstable_if action=reinterpret pc=0x0000000002fc98fc method=java.util.Hashtable$Enumerator.nextElement()Ljava/lang/Object; @ 71

Classes redefined (0 events):
No events

Internal exceptions (10 events):
Event: 4.078 Thread 0x000000001973d800 Exception <a 'java/lang/ClassNotFoundException': org/springframework/beans/factory/AwareCustomizer> (0x00000000d9f4ffc8) thrown at [C:\re\workspace\8-2-build-windows-amd64-cygwin\jdk8u202\12323\hotspot\src\share\vm\classfile\systemDictionary.cpp, line 210
Event: 4.079 Thread 0x000000001973d800 Exception <a 'java/lang/ClassNotFoundException': org/springframework/beans/factory/BeanClassLoaderAwareCustomizer> (0x00000000d9f69d88) thrown at [C:\re\workspace\8-2-build-windows-amd64-cygwin\jdk8u202\12323\hotspot\src\share\vm\classfile\systemDictionar
Event: 4.080 Thread 0x000000001973d800 Exception <a 'java/lang/ClassNotFoundException': org/springframework/beans/factory/AwareCustomizer> (0x00000000d9f80470) thrown at [C:\re\workspace\8-2-build-windows-amd64-cygwin\jdk8u202\12323\hotspot\src\share\vm\classfile\systemDictionary.cpp, line 210
Event: 4.081 Thread 0x000000001973d800 Exception <a 'java/lang/ClassNotFoundException': org/springframework/context/EnvironmentAwareCustomizer> (0x00000000d9f970f8) thrown at [C:\re\workspace\8-2-build-windows-amd64-cygwin\jdk8u202\12323\hotspot\src\share\vm\classfile\systemDictionary.cpp, lin
Event: 4.082 Thread 0x000000001973d800 Exception <a 'java/lang/ClassNotFoundException': org/springframework/beans/factory/AwareCustomizer> (0x00000000d9fad6c0) thrown at [C:\re\workspace\8-2-build-windows-amd64-cygwin\jdk8u202\12323\hotspot\src\share\vm\classfile\systemDictionary.cpp, line 210
Event: 4.136 Thread 0x00000000187d7800 Exception <a 'java/lang/IncompatibleClassChangeError': Found class java.lang.Object, but interface was expected> (0x00000000da06c188) thrown at [C:\re\workspace\8-2-build-windows-amd64-cygwin\jdk8u202\12323\hotspot\src\share\vm\interpreter\linkResolver.cp
Event: 4.721 Thread 0x000000001973d800 Exception <a 'java/lang/NoSuchMethodError': java.lang.Object.lambda$or$2(Ljava/util/function/Predicate;Ljava/lang/Object;)Z> (0x00000000daeebfc0) thrown at [C:\re\workspace\8-2-build-windows-amd64-cygwin\jdk8u202\12323\hotspot\src\share\vm\interpreter\lin
Event: 5.117 Thread 0x000000001973d800 Exception <a 'java/lang/IncompatibleClassChangeError': Found class java.lang.Object, but interface was expected> (0x00000000da2a2718) thrown at [C:\re\workspace\8-2-build-windows-amd64-cygwin\jdk8u202\12323\hotspot\src\share\vm\interpreter\linkResolver.cp
Event: 5.200 Thread 0x000000001973d800 Exception <a 'java/lang/NoSuchMethodError': java.lang.Object.lambda$getAllAnnotationAttributes$0(Lorg/springframework/util/MultiValueMap;)Lorg/springframework/util/MultiValueMap;> (0x00000000da5dc5f0) thrown at [C:\re\workspace\8-2-build-windows-amd64-cyg
Event: 5.202 Thread 0x000000001973d800 Exception <a 'java/lang/NoSuchMethodError': java.lang.Object.lambda$identity$2(Ljava/lang/Object;)Ljava/lang/Object;> (0x00000000da5f5b00) thrown at [C:\re\workspace\8-2-build-windows-amd64-cygwin\jdk8u202\12323\hotspot\src\share\vm\interpreter\linkResolv

Events (10 events):
Event: 5.358 loading class org/springframework/boot/autoconfigure/web/servlet/DispatcherServletAutoConfiguration$DispatcherServletRegistrationCondition
Event: 5.358 loading class org/springframework/boot/autoconfigure/web/servlet/DispatcherServletAutoConfiguration$DispatcherServletRegistrationCondition done
Event: 5.449 loading class org/springframework/security/core/userdetails/UserDetailsService
Event: 5.449 loading class org/springframework/security/core/userdetails/UserDetailsService done
Event: 5.473 loading class org/springframework/security/config/annotation/web/configuration/WebSecurityConfigurerAdapter
Event: 5.473 loading class org/springframework/security/config/annotation/web/configuration/WebSecurityConfigurerAdapter done
Event: 5.476 loading class org/springframework/security/config/annotation/web/WebSecurityConfigurer
Event: 5.476 loading class org/springframework/security/config/annotation/web/WebSecurityConfigurer done
Event: 5.477 loading class org/springframework/security/config/annotation/SecurityConfigurer
Event: 5.477 loading class org/springframework/security/config/annotation/SecurityConfigurer done


Dynamic libraries:
0x00007ff74d090000 - 0x00007ff74d0c7000 	C:\Program Files\Java\jdk1.8.0_202\bin\java.exe
0x00007ff995080000 - 0x00007ff995270000 	C:\WINDOWS\SYSTEM32\ntdll.dll
0x00007ff993e10000 - 0x00007ff993ec2000 	C:\WINDOWS\System32\KERNEL32.DLL
0x00007ff992b50000 - 0x00007ff992df5000 	C:\WINDOWS\System32\KERNELBASE.dll
0x00007ff993230000 - 0x00007ff9932d3000 	C:\WINDOWS\System32\ADVAPI32.dll
0x00007ff9948b0000 - 0x00007ff99494e000 	C:\WINDOWS\System32\msvcrt.dll
0x00007ff993680000 - 0x00007ff993717000 	C:\WINDOWS\System32\sechost.dll
0x00007ff994030000 - 0x00007ff99414f000 	C:\WINDOWS\System32\RPCRT4.dll
0x00007ff994a20000 - 0x00007ff994bb4000 	C:\WINDOWS\System32\USER32.dll
0x00007ff992a90000 - 0x00007ff992ab1000 	C:\WINDOWS\System32\win32u.dll
0x00007ff995010000 - 0x00007ff995036000 	C:\WINDOWS\System32\GDI32.dll
0x00007ff9928f0000 - 0x00007ff992a88000 	C:\WINDOWS\System32\gdi32full.dll
0x00007ff993170000 - 0x00007ff99320e000 	C:\WINDOWS\System32\msvcp_win.dll
0x00007ff992e50000 - 0x00007ff992f4a000 	C:\WINDOWS\System32\ucrtbase.dll
0x00007ff982190000 - 0x00007ff982414000 	C:\WINDOWS\WinSxS\amd64_microsoft.windows.common-controls_6595b64144ccf1df_6.0.18362.1316_none_9e7a364fe461dbd7\COMCTL32.dll
0x00007ff994cb0000 - 0x00007ff994fe7000 	C:\WINDOWS\System32\combase.dll
0x00007ff992ac0000 - 0x00007ff992b41000 	C:\WINDOWS\System32\bcryptPrimitives.dll
0x00007ff994bc0000 - 0x00007ff994bee000 	C:\WINDOWS\System32\IMM32.DLL
0x0000000058d30000 - 0x0000000058e02000 	C:\Program Files\Java\jdk1.8.0_202\jre\bin\msvcr100.dll
0x0000000058480000 - 0x0000000058d25000 	C:\Program Files\Java\jdk1.8.0_202\jre\bin\server\jvm.dll
0x00007ff994bf0000 - 0x00007ff994bf8000 	C:\WINDOWS\System32\PSAPI.DLL
0x00007ff98dc40000 - 0x00007ff98dc49000 	C:\WINDOWS\SYSTEM32\WSOCK32.dll
0x00007ff994630000 - 0x00007ff99469f000 	C:\WINDOWS\System32\WS2_32.dll
0x00007ff98e990000 - 0x00007ff98e9b4000 	C:\WINDOWS\SYSTEM32\WINMM.dll
0x00007ff9893b0000 - 0x00007ff9893ba000 	C:\WINDOWS\SYSTEM32\VERSION.dll
0x00007ff98e960000 - 0x00007ff98e98d000 	C:\WINDOWS\SYSTEM32\WINMMBASE.dll
0x00007ff992e00000 - 0x00007ff992e4a000 	C:\WINDOWS\System32\cfgmgr32.dll
0x00007ff98ebd0000 - 0x00007ff98ebdf000 	C:\Program Files\Java\jdk1.8.0_202\jre\bin\verify.dll
0x00007ff98ea60000 - 0x00007ff98ea89000 	C:\Program Files\Java\jdk1.8.0_202\jre\bin\java.dll
0x00007ff98dab0000 - 0x00007ff98dad3000 	C:\Program Files\Java\jdk1.8.0_202\jre\bin\instrument.dll
0x00007ff98e0c0000 - 0x00007ff98e0d6000 	C:\Program Files\Java\jdk1.8.0_202\jre\bin\zip.dll
0x00007ff993720000 - 0x00007ff993e08000 	C:\WINDOWS\System32\SHELL32.dll
0x00007ff994c00000 - 0x00007ff994ca7000 	C:\WINDOWS\System32\shcore.dll
0x00007ff9920e0000 - 0x00007ff99285b000 	C:\WINDOWS\System32\windows.storage.dll
0x00007ff992040000 - 0x00007ff992063000 	C:\WINDOWS\System32\profapi.dll
0x00007ff992070000 - 0x00007ff9920ba000 	C:\WINDOWS\System32\powrprof.dll
0x00007ff992010000 - 0x00007ff992020000 	C:\WINDOWS\System32\UMPDC.dll
0x00007ff994850000 - 0x00007ff9948a2000 	C:\WINDOWS\System32\shlwapi.dll
0x00007ff992020000 - 0x00007ff992031000 	C:\WINDOWS\System32\kernel.appcore.dll
0x00007ff993000000 - 0x00007ff993017000 	C:\WINDOWS\System32\cryptsp.dll
0x00007ff989350000 - 0x00007ff98936a000 	C:\Program Files\JetBrains\IntelliJ IDEA Community Edition 2020.2.2\bin\breakgen64.dll
0x00007ff989390000 - 0x00007ff9893aa000 	C:\Program Files\Java\jdk1.8.0_202\jre\bin\net.dll
0x00007ff983c00000 - 0x00007ff983dd6000 	C:\WINDOWS\SYSTEM32\urlmon.dll
0x00007ff983fc0000 - 0x00007ff984267000 	C:\WINDOWS\SYSTEM32\iertutil.dll
0x00007ff991980000 - 0x00007ff99198c000 	C:\WINDOWS\SYSTEM32\CRYPTBASE.DLL
0x00007ff991800000 - 0x00007ff991867000 	C:\WINDOWS\system32\mswsock.dll
0x00007ff98daa0000 - 0x00007ff98daad000 	C:\Program Files\Java\jdk1.8.0_202\jre\bin\management.dll
0x00007ff96d5a0000 - 0x00007ff96d5b6000 	C:\WINDOWS\system32\napinsp.dll
0x00007ff96d1a0000 - 0x00007ff96d1ba000 	C:\WINDOWS\system32\pnrpnsp.dll
0x00007ff991560000 - 0x00007ff99162b000 	C:\WINDOWS\SYSTEM32\DNSAPI.dll
0x00007ff994ff0000 - 0x00007ff994ff8000 	C:\WINDOWS\System32\NSI.dll
0x00007ff991520000 - 0x00007ff99155a000 	C:\WINDOWS\SYSTEM32\IPHLPAPI.DLL
0x00007ff96df30000 - 0x00007ff96df3e000 	C:\WINDOWS\System32\winrnr.dll
0x00007ff98ec00000 - 0x00007ff98ec1c000 	C:\WINDOWS\system32\NLAapi.dll
0x00007ff96d150000 - 0x00007ff96d165000 	C:\WINDOWS\system32\wshbth.dll
0x00007ff989940000 - 0x00007ff98994a000 	C:\Windows\System32\rasadhlp.dll
0x00007ff98a170000 - 0x00007ff98a1e7000 	C:\WINDOWS\System32\fwpuclnt.dll
0x00007ff992860000 - 0x00007ff992886000 	C:\WINDOWS\System32\bcrypt.dll
0x00007ff989370000 - 0x00007ff989382000 	C:\Program Files\Java\jdk1.8.0_202\jre\bin\nio.dll

VM Arguments:
jvm_args: -javaagent:C:\Program Files\JetBrains\IntelliJ IDEA Community Edition 2020.2.2\lib\idea_rt.jar=57871:C:\Program Files\JetBrains\IntelliJ IDEA Community Edition 2020.2.2\bin -Dfile.encoding=UTF-8 
java_command: com.fsot.demoWeb1.DemoWeb1Application
java_class_path (initial): C:\Program Files\Java\jdk1.8.0_202\jre\lib\charsets.jar;C:\Program Files\Java\jdk1.8.0_202\jre\lib\deploy.jar;C:\Program Files\Java\jdk1.8.0_202\jre\lib\ext\access-bridge-64.jar;C:\Program Files\Java\jdk1.8.0_202\jre\lib\ext\cldrdata.jar;C:\Program Files\Java\jdk1.8.0_202\jre\lib\ext\dnsns.jar;C:\Program Files\Java\jdk1.8.0_202\jre\lib\ext\jaccess.jar;C:\Program Files\Java\jdk1.8.0_202\jre\lib\ext\jfxrt.jar;C:\Program Files\Java\jdk1.8.0_202\jre\lib\ext\localedata.jar;C:\Program Files\Java\jdk1.8.0_202\jre\lib\ext\nashorn.jar;C:\Program Files\Java\jdk1.8.0_202\jre\lib\ext\sunec.jar;C:\Program Files\Java\jdk1.8.0_202\jre\lib\ext\sunjce_provider.jar;C:\Program Files\Java\jdk1.8.0_202\jre\lib\ext\sunmscapi.jar;C:\Program Files\Java\jdk1.8.0_202\jre\lib\ext\sunpkcs11.jar;C:\Program Files\Java\jdk1.8.0_202\jre\lib\ext\zipfs.jar;C:\Program Files\Java\jdk1.8.0_202\jre\lib\javaws.jar;C:\Program Files\Java\jdk1.8.0_202\jre\lib\jce.jar;C:\Program Files\Java\jdk1.8.0_202\jre\lib\jfr.jar;C:\Program Files\Java\jdk1.8.0_202\jre\lib\jfxswt.jar;C:\Program Files\Java\jdk1.8.0_202\jre\lib\jsse.jar;C:\Program Files\Java\jdk1.8.0_202\jre\lib\management-agent.jar;C:\Program Files\Java\jdk1.8.0_202\jre\lib\plugin.jar;C:\Program Files\Java\jdk1.8.0_202\jre\lib\resources.jar;C:\Program Files\Java\jdk1.8.0_202\jre\lib\rt.jar;D:\JAVA_FPT\demoWeb1\target\classes;C:\Users\Hoang\.m2\repository\org\springframework\boot\spring-boot-starter-security\2.3.5.RELEASE\spring-boot-starter-security-2.3.5.RELEASE.jar;C:\Users\Hoang\.m2\repository\org\springframework\boot\spring-boot-starter\2.3.5.RELEASE\spring-boot-starter-2.3.5.RELEASE.jar;C:\Users\Hoang\.m2\repository\org\springframework\boot\spring-boot-starter-logging\2.3.5.RELEASE\spring-boot-starter-logging-2.3.5.RELEASE.jar;C:\Users\Hoang\.m2\repository\ch\qos\logback\logback-classic\1.2.3\logback-classic-1.2.3.jar;C:\Users\Hoang\.m2\repository\ch\qos\logback\logback-core\1.2.3\logback-core-1.2.3.jar;C:\Users\Hoang\.m2
Launcher Type: SUN_STANDARD

Environment Variables:
JAVA_HOME=C:\Program Files\Java\jdk1.8.0_202
PATH=C:\Program Files (x86)\Common Files\Intel\Shared Libraries\redist\intel64\compiler;C:\Program Files (x86)\Common Files\Oracle\Java\javapath;C:\WINDOWS\system32;C:\WINDOWS;C:\WINDOWS\System32\Wbem;C:\WINDOWS\System32\WindowsPowerShell\v1.0\;C:\WINDOWS\System32\OpenSSH\;C:\Program Files\Microsoft SQL Server\130\Tools\Binn\;C:\Program Files\Microsoft SQL Server\Client SDK\ODBC\170\Tools\Binn\;D:\apache-maven-3.6.3\bin;C:\Program Files (x86)\Microsoft SQL Server\150\Tools\Binn\;C:\Program Files\Microsoft SQL Server\150\Tools\Binn\;C:\Program Files\Microsoft SQL Server\150\DTS\Binn\;C:\Program Files (x86)\Microsoft SQL Server\150\DTS\Binn\;C:\Program Files (x86)\Git\cmd;C:\Program Files\dotnet\;C:\Program Files (x86)\Intel\Intel(R) Management Engine Components\DAL;C:\Program Files\Intel\Intel(R) Management Engine Components\DAL;C:\Program Files\nodejs\;C:\Program Files\Docker\Docker\resources\bin;C:\ProgramData\DockerDesktop\version-bin;C:\Program Files\MySQL\MySQL Shell 8.0\bin\;C:\Users\Hoang\AppData\Local\Microsoft\WindowsApps;C:\Users\Hoang\AppData\Local\Programs\Microsoft VS Code\bin;C:\Users\Hoang\.dotnet\tools;C:\Users\Hoang\AppData\Local\atom\bin;C:\Users\Hoang\AppData\Roaming\npm
USERNAME=Hoang
OS=Windows_NT
PROCESSOR_IDENTIFIER=Intel64 Family 6 Model 78 Stepping 3, GenuineIntel



---------------  S Y S T E M  ---------------

OS: Windows 10.0 , 64 bit Build 18362 (10.0.18362.1316)

CPU:total 4 (initial active 4) (2 cores per cpu, 2 threads per core) family 6 model 78 stepping 3, cmov, cx8, fxsr, mmx, sse, sse2, sse3, ssse3, sse4.1, sse4.2, popcnt, avx, avx2, aes, clmul, erms, rtm, 3dnowpref, lzcnt, ht, tsc, tscinvbit, bmi1, bmi2, adx

Memory: 4k page, physical 7773876k(657544k free), swap 9662132k(4184k free)

vm_info: Java HotSpot(TM) 64-Bit Server VM (25.202-b08) for windows-amd64 JRE (1.8.0_202-b08), built on Dec 15 2018 19:54:30 by "java_re" with MS VC++ 10.0 (VS2010)

time: Wed Feb 03 10:21:10 2021
timezone: SE Asia Standard Time
elapsed time: 5 seconds (0d 0h 0m 5s)

